<?xml version="1.0" encoding="UTF-8"?>
<testsuite xmlns:xsi="http://www.w3.org/2001/XMLSchema-instance" xsi:noNamespaceSchemaLocation="https://maven.apache.org/surefire/maven-surefire-plugin/xsd/surefire-test-report.xsd" name="com.lesliefernsby.currencyexchange.Services.impl.CurrenciesServiceImplTest" time="0" tests="1" errors="0" skipped="0" failures="0">
  <properties>
    <property name="java.specification.version" value="17"/>
    <property name="sun.jnu.encoding" value="UTF-8"/>
    <property name="java.class.path" value="/home/leslie/Desktop/currency-exchange-java/currency-exchange-java/target/test-classes:/home/leslie/Desktop/currency-exchange-java/currency-exchange-java/target/classes:/home/leslie/.m2/repository/org/springframework/boot/spring-boot-starter-web/3.0.4/spring-boot-starter-web-3.0.4.jar:/home/leslie/.m2/repository/org/springframework/boot/spring-boot-starter/3.0.4/spring-boot-starter-3.0.4.jar:/home/leslie/.m2/repository/org/springframework/boot/spring-boot/3.0.4/spring-boot-3.0.4.jar:/home/leslie/.m2/repository/org/springframework/boot/spring-boot-autoconfigure/3.0.4/spring-boot-autoconfigure-3.0.4.jar:/home/leslie/.m2/repository/org/springframework/boot/spring-boot-starter-logging/3.0.4/spring-boot-starter-logging-3.0.4.jar:/home/leslie/.m2/repository/ch/qos/logback/logback-classic/1.4.5/logback-classic-1.4.5.jar:/home/leslie/.m2/repository/ch/qos/logback/logback-core/1.4.5/logback-core-1.4.5.jar:/home/leslie/.m2/repository/org/apache/logging/log4j/log4j-to-slf4j/2.19.0/log4j-to-slf4j-2.19.0.jar:/home/leslie/.m2/repository/org/apache/logging/log4j/log4j-api/2.19.0/log4j-api-2.19.0.jar:/home/leslie/.m2/repository/org/slf4j/jul-to-slf4j/2.0.6/jul-to-slf4j-2.0.6.jar:/home/leslie/.m2/repository/jakarta/annotation/jakarta.annotation-api/2.1.1/jakarta.annotation-api-2.1.1.jar:/home/leslie/.m2/repository/org/yaml/snakeyaml/1.33/snakeyaml-1.33.jar:/home/leslie/.m2/repository/org/springframework/boot/spring-boot-starter-json/3.0.4/spring-boot-starter-json-3.0.4.jar:/home/leslie/.m2/repository/com/fasterxml/jackson/core/jackson-databind/2.14.2/jackson-databind-2.14.2.jar:/home/leslie/.m2/repository/com/fasterxml/jackson/core/jackson-core/2.14.2/jackson-core-2.14.2.jar:/home/leslie/.m2/repository/com/fasterxml/jackson/datatype/jackson-datatype-jdk8/2.14.2/jackson-datatype-jdk8-2.14.2.jar:/home/leslie/.m2/repository/com/fasterxml/jackson/datatype/jackson-datatype-jsr310/2.14.2/jackson-datatype-jsr310-2.14.2.jar:/home/leslie/.m2/repository/com/fasterxml/jackson/module/jackson-module-parameter-names/2.14.2/jackson-module-parameter-names-2.14.2.jar:/home/leslie/.m2/repository/org/springframework/boot/spring-boot-starter-tomcat/3.0.4/spring-boot-starter-tomcat-3.0.4.jar:/home/leslie/.m2/repository/org/apache/tomcat/embed/tomcat-embed-core/10.1.5/tomcat-embed-core-10.1.5.jar:/home/leslie/.m2/repository/org/apache/tomcat/embed/tomcat-embed-el/10.1.5/tomcat-embed-el-10.1.5.jar:/home/leslie/.m2/repository/org/apache/tomcat/embed/tomcat-embed-websocket/10.1.5/tomcat-embed-websocket-10.1.5.jar:/home/leslie/.m2/repository/org/springframework/spring-web/6.0.6/spring-web-6.0.6.jar:/home/leslie/.m2/repository/org/springframework/spring-beans/6.0.6/spring-beans-6.0.6.jar:/home/leslie/.m2/repository/io/micrometer/micrometer-observation/1.10.4/micrometer-observation-1.10.4.jar:/home/leslie/.m2/repository/io/micrometer/micrometer-commons/1.10.4/micrometer-commons-1.10.4.jar:/home/leslie/.m2/repository/org/springframework/spring-webmvc/6.0.6/spring-webmvc-6.0.6.jar:/home/leslie/.m2/repository/org/springframework/spring-aop/6.0.6/spring-aop-6.0.6.jar:/home/leslie/.m2/repository/org/springframework/spring-context/6.0.6/spring-context-6.0.6.jar:/home/leslie/.m2/repository/org/springframework/spring-expression/6.0.6/spring-expression-6.0.6.jar:/home/leslie/.m2/repository/org/springframework/boot/spring-boot-starter-test/3.0.4/spring-boot-starter-test-3.0.4.jar:/home/leslie/.m2/repository/org/springframework/boot/spring-boot-test/3.0.4/spring-boot-test-3.0.4.jar:/home/leslie/.m2/repository/org/springframework/boot/spring-boot-test-autoconfigure/3.0.4/spring-boot-test-autoconfigure-3.0.4.jar:/home/leslie/.m2/repository/com/jayway/jsonpath/json-path/2.7.0/json-path-2.7.0.jar:/home/leslie/.m2/repository/net/minidev/json-smart/2.4.8/json-smart-2.4.8.jar:/home/leslie/.m2/repository/net/minidev/accessors-smart/2.4.8/accessors-smart-2.4.8.jar:/home/leslie/.m2/repository/org/ow2/asm/asm/9.1/asm-9.1.jar:/home/leslie/.m2/repository/org/slf4j/slf4j-api/2.0.6/slf4j-api-2.0.6.jar:/home/leslie/.m2/repository/jakarta/xml/bind/jakarta.xml.bind-api/4.0.0/jakarta.xml.bind-api-4.0.0.jar:/home/leslie/.m2/repository/jakarta/activation/jakarta.activation-api/2.1.1/jakarta.activation-api-2.1.1.jar:/home/leslie/.m2/repository/org/assertj/assertj-core/3.23.1/assertj-core-3.23.1.jar:/home/leslie/.m2/repository/net/bytebuddy/byte-buddy/1.12.23/byte-buddy-1.12.23.jar:/home/leslie/.m2/repository/org/hamcrest/hamcrest/2.2/hamcrest-2.2.jar:/home/leslie/.m2/repository/org/junit/jupiter/junit-jupiter/5.9.2/junit-jupiter-5.9.2.jar:/home/leslie/.m2/repository/org/junit/jupiter/junit-jupiter-api/5.9.2/junit-jupiter-api-5.9.2.jar:/home/leslie/.m2/repository/org/opentest4j/opentest4j/1.2.0/opentest4j-1.2.0.jar:/home/leslie/.m2/repository/org/junit/platform/junit-platform-commons/1.9.2/junit-platform-commons-1.9.2.jar:/home/leslie/.m2/repository/org/apiguardian/apiguardian-api/1.1.2/apiguardian-api-1.1.2.jar:/home/leslie/.m2/repository/org/junit/jupiter/junit-jupiter-params/5.9.2/junit-jupiter-params-5.9.2.jar:/home/leslie/.m2/repository/org/junit/jupiter/junit-jupiter-engine/5.9.2/junit-jupiter-engine-5.9.2.jar:/home/leslie/.m2/repository/org/junit/platform/junit-platform-engine/1.9.2/junit-platform-engine-1.9.2.jar:/home/leslie/.m2/repository/org/mockito/mockito-core/4.8.1/mockito-core-4.8.1.jar:/home/leslie/.m2/repository/net/bytebuddy/byte-buddy-agent/1.12.23/byte-buddy-agent-1.12.23.jar:/home/leslie/.m2/repository/org/objenesis/objenesis/3.2/objenesis-3.2.jar:/home/leslie/.m2/repository/org/mockito/mockito-junit-jupiter/4.8.1/mockito-junit-jupiter-4.8.1.jar:/home/leslie/.m2/repository/org/skyscreamer/jsonassert/1.5.1/jsonassert-1.5.1.jar:/home/leslie/.m2/repository/com/vaadin/external/google/android-json/0.0.20131108.vaadin1/android-json-0.0.20131108.vaadin1.jar:/home/leslie/.m2/repository/org/springframework/spring-core/6.0.6/spring-core-6.0.6.jar:/home/leslie/.m2/repository/org/springframework/spring-jcl/6.0.6/spring-jcl-6.0.6.jar:/home/leslie/.m2/repository/org/springframework/spring-test/6.0.6/spring-test-6.0.6.jar:/home/leslie/.m2/repository/org/xmlunit/xmlunit-core/2.9.1/xmlunit-core-2.9.1.jar:/home/leslie/.m2/repository/org/postgresql/postgresql/42.5.4/postgresql-42.5.4.jar:/home/leslie/.m2/repository/org/checkerframework/checker-qual/3.5.0/checker-qual-3.5.0.jar:/home/leslie/.m2/repository/org/projectlombok/lombok/1.18.24/lombok-1.18.24.jar:/home/leslie/.m2/repository/org/springframework/boot/spring-boot-starter-jdbc/2.5.5/spring-boot-starter-jdbc-2.5.5.jar:/home/leslie/.m2/repository/com/zaxxer/HikariCP/5.0.1/HikariCP-5.0.1.jar:/home/leslie/.m2/repository/org/springframework/spring-jdbc/6.0.6/spring-jdbc-6.0.6.jar:/home/leslie/.m2/repository/org/springframework/spring-tx/6.0.6/spring-tx-6.0.6.jar:/home/leslie/.m2/repository/org/springframework/boot/spring-boot-starter-data-rest/3.0.4/spring-boot-starter-data-rest-3.0.4.jar:/home/leslie/.m2/repository/org/springframework/data/spring-data-rest-webmvc/4.0.3/spring-data-rest-webmvc-4.0.3.jar:/home/leslie/.m2/repository/org/springframework/data/spring-data-rest-core/4.0.3/spring-data-rest-core-4.0.3.jar:/home/leslie/.m2/repository/org/springframework/hateoas/spring-hateoas/2.0.2/spring-hateoas-2.0.2.jar:/home/leslie/.m2/repository/org/springframework/plugin/spring-plugin-core/3.0.0/spring-plugin-core-3.0.0.jar:/home/leslie/.m2/repository/org/atteo/evo-inflector/1.3/evo-inflector-1.3.jar:/home/leslie/.m2/repository/com/fasterxml/jackson/core/jackson-annotations/2.14.2/jackson-annotations-2.14.2.jar:/home/leslie/.m2/repository/org/springframework/boot/spring-boot-starter-data-jdbc/3.0.4/spring-boot-starter-data-jdbc-3.0.4.jar:/home/leslie/.m2/repository/org/springframework/data/spring-data-jdbc/3.0.3/spring-data-jdbc-3.0.3.jar:/home/leslie/.m2/repository/org/springframework/data/spring-data-relational/3.0.3/spring-data-relational-3.0.3.jar:/home/leslie/.m2/repository/org/springframework/data/spring-data-commons/3.0.3/spring-data-commons-3.0.3.jar:/home/leslie/.m2/repository/jakarta/persistence/jakarta.persistence-api/3.1.0/jakarta.persistence-api-3.1.0.jar:"/>
    <property name="java.vm.vendor" value="Private Build"/>
    <property name="sun.arch.data.model" value="64"/>
    <property name="java.vendor.url" value="Unknown"/>
    <property name="os.name" value="Linux"/>
    <property name="java.vm.specification.version" value="17"/>
    <property name="sun.java.launcher" value="SUN_STANDARD"/>
    <property name="user.country" value="US"/>
    <property name="sun.boot.library.path" value="/usr/lib/jvm/java-17-openjdk-amd64/lib"/>
    <property name="sun.java.command" value="/home/leslie/Desktop/currency-exchange-java/currency-exchange-java/target/surefire/surefirebooter10620480275009376622.jar /home/leslie/Desktop/currency-exchange-java/currency-exchange-java/target/surefire 2023-04-30T16-51-24_186-jvmRun1 surefire18009092078648758733tmp surefire_013674420405539993856tmp"/>
    <property name="jdk.debug" value="release"/>
    <property name="surefire.test.class.path" value="/home/leslie/Desktop/currency-exchange-java/currency-exchange-java/target/test-classes:/home/leslie/Desktop/currency-exchange-java/currency-exchange-java/target/classes:/home/leslie/.m2/repository/org/springframework/boot/spring-boot-starter-web/3.0.4/spring-boot-starter-web-3.0.4.jar:/home/leslie/.m2/repository/org/springframework/boot/spring-boot-starter/3.0.4/spring-boot-starter-3.0.4.jar:/home/leslie/.m2/repository/org/springframework/boot/spring-boot/3.0.4/spring-boot-3.0.4.jar:/home/leslie/.m2/repository/org/springframework/boot/spring-boot-autoconfigure/3.0.4/spring-boot-autoconfigure-3.0.4.jar:/home/leslie/.m2/repository/org/springframework/boot/spring-boot-starter-logging/3.0.4/spring-boot-starter-logging-3.0.4.jar:/home/leslie/.m2/repository/ch/qos/logback/logback-classic/1.4.5/logback-classic-1.4.5.jar:/home/leslie/.m2/repository/ch/qos/logback/logback-core/1.4.5/logback-core-1.4.5.jar:/home/leslie/.m2/repository/org/apache/logging/log4j/log4j-to-slf4j/2.19.0/log4j-to-slf4j-2.19.0.jar:/home/leslie/.m2/repository/org/apache/logging/log4j/log4j-api/2.19.0/log4j-api-2.19.0.jar:/home/leslie/.m2/repository/org/slf4j/jul-to-slf4j/2.0.6/jul-to-slf4j-2.0.6.jar:/home/leslie/.m2/repository/jakarta/annotation/jakarta.annotation-api/2.1.1/jakarta.annotation-api-2.1.1.jar:/home/leslie/.m2/repository/org/yaml/snakeyaml/1.33/snakeyaml-1.33.jar:/home/leslie/.m2/repository/org/springframework/boot/spring-boot-starter-json/3.0.4/spring-boot-starter-json-3.0.4.jar:/home/leslie/.m2/repository/com/fasterxml/jackson/core/jackson-databind/2.14.2/jackson-databind-2.14.2.jar:/home/leslie/.m2/repository/com/fasterxml/jackson/core/jackson-core/2.14.2/jackson-core-2.14.2.jar:/home/leslie/.m2/repository/com/fasterxml/jackson/datatype/jackson-datatype-jdk8/2.14.2/jackson-datatype-jdk8-2.14.2.jar:/home/leslie/.m2/repository/com/fasterxml/jackson/datatype/jackson-datatype-jsr310/2.14.2/jackson-datatype-jsr310-2.14.2.jar:/home/leslie/.m2/repository/com/fasterxml/jackson/module/jackson-module-parameter-names/2.14.2/jackson-module-parameter-names-2.14.2.jar:/home/leslie/.m2/repository/org/springframework/boot/spring-boot-starter-tomcat/3.0.4/spring-boot-starter-tomcat-3.0.4.jar:/home/leslie/.m2/repository/org/apache/tomcat/embed/tomcat-embed-core/10.1.5/tomcat-embed-core-10.1.5.jar:/home/leslie/.m2/repository/org/apache/tomcat/embed/tomcat-embed-el/10.1.5/tomcat-embed-el-10.1.5.jar:/home/leslie/.m2/repository/org/apache/tomcat/embed/tomcat-embed-websocket/10.1.5/tomcat-embed-websocket-10.1.5.jar:/home/leslie/.m2/repository/org/springframework/spring-web/6.0.6/spring-web-6.0.6.jar:/home/leslie/.m2/repository/org/springframework/spring-beans/6.0.6/spring-beans-6.0.6.jar:/home/leslie/.m2/repository/io/micrometer/micrometer-observation/1.10.4/micrometer-observation-1.10.4.jar:/home/leslie/.m2/repository/io/micrometer/micrometer-commons/1.10.4/micrometer-commons-1.10.4.jar:/home/leslie/.m2/repository/org/springframework/spring-webmvc/6.0.6/spring-webmvc-6.0.6.jar:/home/leslie/.m2/repository/org/springframework/spring-aop/6.0.6/spring-aop-6.0.6.jar:/home/leslie/.m2/repository/org/springframework/spring-context/6.0.6/spring-context-6.0.6.jar:/home/leslie/.m2/repository/org/springframework/spring-expression/6.0.6/spring-expression-6.0.6.jar:/home/leslie/.m2/repository/org/springframework/boot/spring-boot-starter-test/3.0.4/spring-boot-starter-test-3.0.4.jar:/home/leslie/.m2/repository/org/springframework/boot/spring-boot-test/3.0.4/spring-boot-test-3.0.4.jar:/home/leslie/.m2/repository/org/springframework/boot/spring-boot-test-autoconfigure/3.0.4/spring-boot-test-autoconfigure-3.0.4.jar:/home/leslie/.m2/repository/com/jayway/jsonpath/json-path/2.7.0/json-path-2.7.0.jar:/home/leslie/.m2/repository/net/minidev/json-smart/2.4.8/json-smart-2.4.8.jar:/home/leslie/.m2/repository/net/minidev/accessors-smart/2.4.8/accessors-smart-2.4.8.jar:/home/leslie/.m2/repository/org/ow2/asm/asm/9.1/asm-9.1.jar:/home/leslie/.m2/repository/org/slf4j/slf4j-api/2.0.6/slf4j-api-2.0.6.jar:/home/leslie/.m2/repository/jakarta/xml/bind/jakarta.xml.bind-api/4.0.0/jakarta.xml.bind-api-4.0.0.jar:/home/leslie/.m2/repository/jakarta/activation/jakarta.activation-api/2.1.1/jakarta.activation-api-2.1.1.jar:/home/leslie/.m2/repository/org/assertj/assertj-core/3.23.1/assertj-core-3.23.1.jar:/home/leslie/.m2/repository/net/bytebuddy/byte-buddy/1.12.23/byte-buddy-1.12.23.jar:/home/leslie/.m2/repository/org/hamcrest/hamcrest/2.2/hamcrest-2.2.jar:/home/leslie/.m2/repository/org/junit/jupiter/junit-jupiter/5.9.2/junit-jupiter-5.9.2.jar:/home/leslie/.m2/repository/org/junit/jupiter/junit-jupiter-api/5.9.2/junit-jupiter-api-5.9.2.jar:/home/leslie/.m2/repository/org/opentest4j/opentest4j/1.2.0/opentest4j-1.2.0.jar:/home/leslie/.m2/repository/org/junit/platform/junit-platform-commons/1.9.2/junit-platform-commons-1.9.2.jar:/home/leslie/.m2/repository/org/apiguardian/apiguardian-api/1.1.2/apiguardian-api-1.1.2.jar:/home/leslie/.m2/repository/org/junit/jupiter/junit-jupiter-params/5.9.2/junit-jupiter-params-5.9.2.jar:/home/leslie/.m2/repository/org/junit/jupiter/junit-jupiter-engine/5.9.2/junit-jupiter-engine-5.9.2.jar:/home/leslie/.m2/repository/org/junit/platform/junit-platform-engine/1.9.2/junit-platform-engine-1.9.2.jar:/home/leslie/.m2/repository/org/mockito/mockito-core/4.8.1/mockito-core-4.8.1.jar:/home/leslie/.m2/repository/net/bytebuddy/byte-buddy-agent/1.12.23/byte-buddy-agent-1.12.23.jar:/home/leslie/.m2/repository/org/objenesis/objenesis/3.2/objenesis-3.2.jar:/home/leslie/.m2/repository/org/mockito/mockito-junit-jupiter/4.8.1/mockito-junit-jupiter-4.8.1.jar:/home/leslie/.m2/repository/org/skyscreamer/jsonassert/1.5.1/jsonassert-1.5.1.jar:/home/leslie/.m2/repository/com/vaadin/external/google/android-json/0.0.20131108.vaadin1/android-json-0.0.20131108.vaadin1.jar:/home/leslie/.m2/repository/org/springframework/spring-core/6.0.6/spring-core-6.0.6.jar:/home/leslie/.m2/repository/org/springframework/spring-jcl/6.0.6/spring-jcl-6.0.6.jar:/home/leslie/.m2/repository/org/springframework/spring-test/6.0.6/spring-test-6.0.6.jar:/home/leslie/.m2/repository/org/xmlunit/xmlunit-core/2.9.1/xmlunit-core-2.9.1.jar:/home/leslie/.m2/repository/org/postgresql/postgresql/42.5.4/postgresql-42.5.4.jar:/home/leslie/.m2/repository/org/checkerframework/checker-qual/3.5.0/checker-qual-3.5.0.jar:/home/leslie/.m2/repository/org/projectlombok/lombok/1.18.24/lombok-1.18.24.jar:/home/leslie/.m2/repository/org/springframework/boot/spring-boot-starter-jdbc/2.5.5/spring-boot-starter-jdbc-2.5.5.jar:/home/leslie/.m2/repository/com/zaxxer/HikariCP/5.0.1/HikariCP-5.0.1.jar:/home/leslie/.m2/repository/org/springframework/spring-jdbc/6.0.6/spring-jdbc-6.0.6.jar:/home/leslie/.m2/repository/org/springframework/spring-tx/6.0.6/spring-tx-6.0.6.jar:/home/leslie/.m2/repository/org/springframework/boot/spring-boot-starter-data-rest/3.0.4/spring-boot-starter-data-rest-3.0.4.jar:/home/leslie/.m2/repository/org/springframework/data/spring-data-rest-webmvc/4.0.3/spring-data-rest-webmvc-4.0.3.jar:/home/leslie/.m2/repository/org/springframework/data/spring-data-rest-core/4.0.3/spring-data-rest-core-4.0.3.jar:/home/leslie/.m2/repository/org/springframework/hateoas/spring-hateoas/2.0.2/spring-hateoas-2.0.2.jar:/home/leslie/.m2/repository/org/springframework/plugin/spring-plugin-core/3.0.0/spring-plugin-core-3.0.0.jar:/home/leslie/.m2/repository/org/atteo/evo-inflector/1.3/evo-inflector-1.3.jar:/home/leslie/.m2/repository/com/fasterxml/jackson/core/jackson-annotations/2.14.2/jackson-annotations-2.14.2.jar:/home/leslie/.m2/repository/org/springframework/boot/spring-boot-starter-data-jdbc/3.0.4/spring-boot-starter-data-jdbc-3.0.4.jar:/home/leslie/.m2/repository/org/springframework/data/spring-data-jdbc/3.0.3/spring-data-jdbc-3.0.3.jar:/home/leslie/.m2/repository/org/springframework/data/spring-data-relational/3.0.3/spring-data-relational-3.0.3.jar:/home/leslie/.m2/repository/org/springframework/data/spring-data-commons/3.0.3/spring-data-commons-3.0.3.jar:/home/leslie/.m2/repository/jakarta/persistence/jakarta.persistence-api/3.1.0/jakarta.persistence-api-3.1.0.jar:"/>
    <property name="sun.cpu.endian" value="little"/>
    <property name="user.home" value="/home/leslie"/>
    <property name="user.language" value="en"/>
    <property name="java.specification.vendor" value="Oracle Corporation"/>
    <property name="java.version.date" value="2023-01-17"/>
    <property name="java.home" value="/usr/lib/jvm/java-17-openjdk-amd64"/>
    <property name="file.separator" value="/"/>
    <property name="basedir" value="/home/leslie/Desktop/currency-exchange-java/currency-exchange-java"/>
    <property name="java.vm.compressedOopsMode" value="Zero based"/>
    <property name="line.separator" value="&#10;"/>
    <property name="java.vm.specification.vendor" value="Oracle Corporation"/>
    <property name="java.specification.name" value="Java Platform API Specification"/>
    <property name="surefire.real.class.path" value="/home/leslie/Desktop/currency-exchange-java/currency-exchange-java/target/surefire/surefirebooter10620480275009376622.jar"/>
    <property name="sun.management.compiler" value="HotSpot 64-Bit Tiered Compilers"/>
    <property name="java.runtime.version" value="17.0.6+10-Ubuntu-0ubuntu120.04.1"/>
    <property name="user.name" value="leslie"/>
    <property name="path.separator" value=":"/>
    <property name="os.version" value="5.15.0-71-generic"/>
    <property name="java.runtime.name" value="OpenJDK Runtime Environment"/>
    <property name="file.encoding" value="UTF-8"/>
    <property name="java.vm.name" value="OpenJDK 64-Bit Server VM"/>
    <property name="localRepository" value="/home/leslie/.m2/repository"/>
    <property name="java.vendor.url.bug" value="Unknown"/>
    <property name="java.io.tmpdir" value="/tmp"/>
    <property name="java.version" value="17.0.6"/>
    <property name="user.dir" value="/home/leslie/Desktop/currency-exchange-java/currency-exchange-java"/>
    <property name="os.arch" value="amd64"/>
    <property name="java.vm.specification.name" value="Java Virtual Machine Specification"/>
    <property name="native.encoding" value="UTF-8"/>
    <property name="java.library.path" value="/usr/java/packages/lib:/usr/lib/x86_64-linux-gnu/jni:/lib/x86_64-linux-gnu:/usr/lib/x86_64-linux-gnu:/usr/lib/jni:/lib:/usr/lib"/>
    <property name="java.vm.info" value="mixed mode, sharing"/>
    <property name="java.vendor" value="Private Build"/>
    <property name="java.vm.version" value="17.0.6+10-Ubuntu-0ubuntu120.04.1"/>
    <property name="sun.io.unicode.encoding" value="UnicodeLittle"/>
    <property name="java.class.version" value="61.0"/>
  </properties>
  <testcase name="testGetAll" classname="com.lesliefernsby.currencyexchange.Services.impl.CurrenciesServiceImplTest" time="0"/>
</testsuite>